<?xml version="1.0" encoding="UTF-8"?>
<!-- Generated by org.testng.reporters.JUnitReportReporter -->
<testsuite hostname="Sushanta" failures="0" tests="1" name="testNGtest.TC_05_CreateLeaveTypeAndLogout" time="11.213" errors="0" timestamp="2023-10-16T22:11:45 IST" skipped="0">
  <testcase classname="testNGtest.TC_05_CreateLeaveTypeAndLogout" name="TC_05" time="11.213"/>
  <system-out/>
</testsuite> <!-- testNGtest.TC_05_CreateLeaveTypeAndLogout -->
