<?xml version="1.0" encoding="UTF-8"?>
<!-- Generated by org.testng.reporters.JUnitReportReporter -->
<testsuite hostname="Sushanta" failures="0" tests="1" name="testNGtest.TC_03_CreateWorkandLogout" time="15.116" errors="0" timestamp="2023-10-16T22:11:45 IST" skipped="0">
  <testcase classname="testNGtest.TC_03_CreateWorkandLogout" name="TC_03" time="15.116"/>
  <system-out/>
</testsuite> <!-- testNGtest.TC_03_CreateWorkandLogout -->
