<?xml version="1.0" encoding="UTF-8"?>
<!-- Generated by org.testng.reporters.JUnitReportReporter -->
<testsuite hostname="Sushanta" failures="0" tests="1" name="testNGtest.TC_02_CreateNewCx" time="10.995" errors="0" timestamp="2023-10-16T22:11:45 IST" skipped="0">
  <testcase classname="testNGtest.TC_02_CreateNewCx" name="CreateNewCx" time="10.995"/>
  <system-out/>
</testsuite> <!-- testNGtest.TC_02_CreateNewCx -->
