<?xml version="1.0" encoding="UTF-8"?>
<!-- Generated by org.testng.reporters.JUnitReportReporter -->
<testsuite hostname="Sushanta" failures="0" tests="2" name="pkg.TestClass2" time="0.018" errors="0" timestamp="2023-10-16T20:59:52 IST" skipped="0">
  <testcase classname="pkg.TestClass2" name="M1" time="0.014"/>
  <system-out>
    <![CDATA[test started]]>
  </system-out>
  <testcase classname="pkg.TestClass2" name="M2" time="0.004"/>
  <system-out>
    <![CDATA[test ended]]>
  </system-out>
</testsuite> <!-- pkg.TestClass2 -->
