<?xml version="1.0" encoding="UTF-8"?>
<!-- Generated by org.testng.reporters.JUnitReportReporter -->
<testsuite hostname="Sushanta" failures="0" tests="1" name="testNGtest.TC_06_DeleteLeaveTypeAndLogout" time="11.896" errors="0" timestamp="2023-10-16T22:11:45 IST" skipped="0">
  <testcase classname="testNGtest.TC_06_DeleteLeaveTypeAndLogout" name="TC_06" time="11.896"/>
  <system-out/>
</testsuite> <!-- testNGtest.TC_06_DeleteLeaveTypeAndLogout -->
