<?xml version="1.0" encoding="UTF-8"?>
<!-- Generated by org.testng.reporters.JUnitReportReporter -->
<testsuite hostname="Sushanta" failures="0" tests="1" name="testNGtest.TC_04_DeleteTypeOfWork" time="15.306" errors="0" timestamp="2023-10-16T22:11:45 IST" skipped="0">
  <testcase classname="testNGtest.TC_04_DeleteTypeOfWork" name="TC_04_deleteTypeOfWork" time="15.306"/>
  <system-out/>
</testsuite> <!-- testNGtest.TC_04_DeleteTypeOfWork -->
