<?xml version="1.0" encoding="UTF-8"?>
<!-- Generated by org.testng.reporters.JUnitReportReporter -->
<testsuite hostname="Sushanta" failures="0" tests="2" name="pkg.TestClass" time="0.016" errors="0" timestamp="2023-10-16T21:47:59 IST" skipped="0">
  <testcase classname="pkg.TestClass" name="M1" time="0.014"/>
  <system-out>
    <![CDATA[test started]]>
  </system-out>
  <testcase classname="pkg.TestClass" name="M2" time="0.002"/>
  <system-out>
    <![CDATA[test ended]]>
  </system-out>
</testsuite> <!-- pkg.TestClass -->
