<?xml version="1.0" encoding="UTF-8"?>
<!-- Generated by org.testng.reporters.JUnitReportReporter -->
<testsuite hostname="Sushanta" failures="0" tests="1" name="testNGtest.TC_03_CreateWorkandLogout" time="22.301" errors="0" timestamp="2023-10-17T00:46:34 IST" skipped="0">
  <testcase classname="testNGtest.TC_03_CreateWorkandLogout" name="TC_03" time="22.301"/>
  <system-out/>
</testsuite> <!-- testNGtest.TC_03_CreateWorkandLogout -->
