<?xml version="1.0" encoding="UTF-8"?>
<!-- Generated by org.testng.reporters.JUnitReportReporter -->
<testsuite hostname="Sushanta" failures="0" tests="1" name="testNGtest.TC_01_loginAndLogout" time="0.001" errors="0" timestamp="2023-10-17T00:46:34 IST" skipped="0">
  <testcase classname="testNGtest.TC_01_loginAndLogout" name="loginAndLogout" time="0.001"/>
  <system-out>
    <![CDATA[logedin to application]]>
  </system-out>
</testsuite> <!-- testNGtest.TC_01_loginAndLogout -->
