<?xml version="1.0" encoding="UTF-8"?>
<!-- Generated by org.testng.reporters.JUnitReportReporter -->
<testsuite hostname="Sushanta" failures="0" tests="1" name="testNGtest.TC_05_CreateLeaveTypeAndLogout" time="14.174" errors="0" timestamp="2023-10-17T00:46:34 IST" skipped="0">
  <testcase classname="testNGtest.TC_05_CreateLeaveTypeAndLogout" name="TC_05" time="14.174"/>
  <system-out/>
</testsuite> <!-- testNGtest.TC_05_CreateLeaveTypeAndLogout -->
